Determining if the pthread_create exist failed with the following output:
Change Dir: /home/cc/ee106a/fl21/class/ee106a-aft/ros_workspaces/lab6/build/CMakeFiles/CMakeTmp

Run Build Command:"/usr/bin/make" "cmTC_b8c4d/fast"
/usr/bin/make -f CMakeFiles/cmTC_b8c4d.dir/build.make CMakeFiles/cmTC_b8c4d.dir/build
make[1]: Entering directory '/home/cc/ee106a/fl21/class/ee106a-aft/ros_workspaces/lab6/build/CMakeFiles/CMakeTmp'
Building C object CMakeFiles/cmTC_b8c4d.dir/CheckSymbolExists.c.o
/usr/bin/cc     -o CMakeFiles/cmTC_b8c4d.dir/CheckSymbolExists.c.o   -c /home/cc/ee106a/fl21/class/ee106a-aft/ros_workspaces/lab6/build/CMakeFiles/CMakeTmp/CheckSymbolExists.c
Linking C executable cmTC_b8c4d
/usr/bin/cmake -E cmake_link_script CMakeFiles/cmTC_b8c4d.dir/link.txt --verbose=1
/usr/bin/cc       CMakeFiles/cmTC_b8c4d.dir/CheckSymbolExists.c.o  -o cmTC_b8c4d -rdynamic 
CMakeFiles/cmTC_b8c4d.dir/CheckSymbolExists.c.o: In function `main':
CheckSymbolExists.c:(.text+0x16): undefined reference to `pthread_create'
collect2: error: ld returned 1 exit status
CMakeFiles/cmTC_b8c4d.dir/build.make:97: recipe for target 'cmTC_b8c4d' failed
make[1]: *** [cmTC_b8c4d] Error 1
make[1]: Leaving directory '/home/cc/ee106a/fl21/class/ee106a-aft/ros_workspaces/lab6/build/CMakeFiles/CMakeTmp'
Makefile:126: recipe for target 'cmTC_b8c4d/fast' failed
make: *** [cmTC_b8c4d/fast] Error 2

File /home/cc/ee106a/fl21/class/ee106a-aft/ros_workspaces/lab6/build/CMakeFiles/CMakeTmp/CheckSymbolExists.c:
/* */
#include <pthread.h>

int main(int argc, char** argv)
{
  (void)argv;
#ifndef pthread_create
  return ((int*)(&pthread_create))[argc];
#else
  (void)argc;
  return 0;
#endif
}

Determining if the function pthread_create exists in the pthreads failed with the following output:
Change Dir: /home/cc/ee106a/fl21/class/ee106a-aft/ros_workspaces/lab6/build/CMakeFiles/CMakeTmp

Run Build Command:"/usr/bin/make" "cmTC_33440/fast"
/usr/bin/make -f CMakeFiles/cmTC_33440.dir/build.make CMakeFiles/cmTC_33440.dir/build
make[1]: Entering directory '/home/cc/ee106a/fl21/class/ee106a-aft/ros_workspaces/lab6/build/CMakeFiles/CMakeTmp'
Building C object CMakeFiles/cmTC_33440.dir/CheckFunctionExists.c.o
/usr/bin/cc    -DCHECK_FUNCTION_EXISTS=pthread_create   -o CMakeFiles/cmTC_33440.dir/CheckFunctionExists.c.o   -c /usr/share/cmake-3.5/Modules/CheckFunctionExists.c
Linking C executable cmTC_33440
/usr/bin/cmake -E cmake_link_script CMakeFiles/cmTC_33440.dir/link.txt --verbose=1
/usr/bin/cc   -DCHECK_FUNCTION_EXISTS=pthread_create    CMakeFiles/cmTC_33440.dir/CheckFunctionExists.c.o  -o cmTC_33440 -rdynamic -lpthreads 
/usr/bin/ld: cannot find -lpthreads
collect2: error: ld returned 1 exit status
CMakeFiles/cmTC_33440.dir/build.make:97: recipe for target 'cmTC_33440' failed
make[1]: *** [cmTC_33440] Error 1
make[1]: Leaving directory '/home/cc/ee106a/fl21/class/ee106a-aft/ros_workspaces/lab6/build/CMakeFiles/CMakeTmp'
Makefile:126: recipe for target 'cmTC_33440/fast' failed
make: *** [cmTC_33440/fast] Error 2


