Determining if the pthread_create exist failed with the following output:
Change Dir: /home/cc/ee106a/fl21/class/ee106a-aft/ros_workspaces/lab2_starter/lab2/build/CMakeFiles/CMakeTmp

Run Build Command:"/usr/bin/make" "cmTC_b0aed/fast"
/usr/bin/make -f CMakeFiles/cmTC_b0aed.dir/build.make CMakeFiles/cmTC_b0aed.dir/build
make[1]: Entering directory '/home/cc/ee106a/fl21/class/ee106a-aft/ros_workspaces/lab2_starter/lab2/build/CMakeFiles/CMakeTmp'
Building C object CMakeFiles/cmTC_b0aed.dir/CheckSymbolExists.c.o
/usr/bin/cc     -o CMakeFiles/cmTC_b0aed.dir/CheckSymbolExists.c.o   -c /home/cc/ee106a/fl21/class/ee106a-aft/ros_workspaces/lab2_starter/lab2/build/CMakeFiles/CMakeTmp/CheckSymbolExists.c
Linking C executable cmTC_b0aed
/usr/bin/cmake -E cmake_link_script CMakeFiles/cmTC_b0aed.dir/link.txt --verbose=1
/usr/bin/cc       CMakeFiles/cmTC_b0aed.dir/CheckSymbolExists.c.o  -o cmTC_b0aed -rdynamic 
CMakeFiles/cmTC_b0aed.dir/CheckSymbolExists.c.o: In function `main':
CheckSymbolExists.c:(.text+0x16): undefined reference to `pthread_create'
collect2: error: ld returned 1 exit status
CMakeFiles/cmTC_b0aed.dir/build.make:97: recipe for target 'cmTC_b0aed' failed
make[1]: *** [cmTC_b0aed] Error 1
make[1]: Leaving directory '/home/cc/ee106a/fl21/class/ee106a-aft/ros_workspaces/lab2_starter/lab2/build/CMakeFiles/CMakeTmp'
Makefile:126: recipe for target 'cmTC_b0aed/fast' failed
make: *** [cmTC_b0aed/fast] Error 2

File /home/cc/ee106a/fl21/class/ee106a-aft/ros_workspaces/lab2_starter/lab2/build/CMakeFiles/CMakeTmp/CheckSymbolExists.c:
/* */
#include <pthread.h>

int main(int argc, char** argv)
{
  (void)argv;
#ifndef pthread_create
  return ((int*)(&pthread_create))[argc];
#else
  (void)argc;
  return 0;
#endif
}

Determining if the function pthread_create exists in the pthreads failed with the following output:
Change Dir: /home/cc/ee106a/fl21/class/ee106a-aft/ros_workspaces/lab2_starter/lab2/build/CMakeFiles/CMakeTmp

Run Build Command:"/usr/bin/make" "cmTC_50b1c/fast"
/usr/bin/make -f CMakeFiles/cmTC_50b1c.dir/build.make CMakeFiles/cmTC_50b1c.dir/build
make[1]: Entering directory '/home/cc/ee106a/fl21/class/ee106a-aft/ros_workspaces/lab2_starter/lab2/build/CMakeFiles/CMakeTmp'
Building C object CMakeFiles/cmTC_50b1c.dir/CheckFunctionExists.c.o
/usr/bin/cc    -DCHECK_FUNCTION_EXISTS=pthread_create   -o CMakeFiles/cmTC_50b1c.dir/CheckFunctionExists.c.o   -c /usr/share/cmake-3.5/Modules/CheckFunctionExists.c
Linking C executable cmTC_50b1c
/usr/bin/cmake -E cmake_link_script CMakeFiles/cmTC_50b1c.dir/link.txt --verbose=1
/usr/bin/cc   -DCHECK_FUNCTION_EXISTS=pthread_create    CMakeFiles/cmTC_50b1c.dir/CheckFunctionExists.c.o  -o cmTC_50b1c -rdynamic -lpthreads 
/usr/bin/ld: cannot find -lpthreads
collect2: error: ld returned 1 exit status
CMakeFiles/cmTC_50b1c.dir/build.make:97: recipe for target 'cmTC_50b1c' failed
make[1]: *** [cmTC_50b1c] Error 1
make[1]: Leaving directory '/home/cc/ee106a/fl21/class/ee106a-aft/ros_workspaces/lab2_starter/lab2/build/CMakeFiles/CMakeTmp'
Makefile:126: recipe for target 'cmTC_50b1c/fast' failed
make: *** [cmTC_50b1c/fast] Error 2


